# JRE version: Java(TM) SE Runtime Environment (8.0_92-b14) (build 1.8.0_92-b14)
# Java VM: Java HotSpot(TM) Client VM (25.92-b14 mixed mode windows-x86 )
Heap:
 def new generation   total 39424K, used 9630K [0x05200000, 0x07cc0000, 0x0fca0000)
  eden space 35072K,  16% used [0x05200000, 0x0577e708, 0x07440000)
  from space 4352K,  92% used [0x07440000, 0x07829240, 0x07880000)
  to   space 4352K,   0% used [0x07880000, 0x07880000, 0x07cc0000)
 tenured generation   total 87424K, used 18239K [0x0fca0000, 0x15200000, 0x25200000)
   the space 87424K,  20% used [0x0fca0000, 0x10e6fdb0, 0x10e6fe00, 0x15200000)
 Metaspace       used 17652K, capacity 18034K, committed 18048K, reserved 18816K
GC Heap History (8 events):
Event: 1.627 GC heap before
{Heap before GC invocations=0 (full 0):
 def new generation   total 39296K, used 34944K [0x05200000, 0x07ca0000, 0x0fca0000)
  eden space 34944K, 100% used [0x05200000, 0x07420000, 0x07420000)
  from space 4352K,   0% used [0x07420000, 0x07420000, 0x07860000)
  to   space 4352K,   0% used [0x07860000, 0x07860000, 0x07ca0000)
 tenured generation   total 87424K, used 0K [0x0fca0000, 0x15200000, 0x25200000)
   the space 87424K,   0% used [0x0fca0000, 0x0fca0000, 0x0fca0200, 0x15200000)
 Metaspace       used 9862K, capacity 10092K, committed 10112K, reserved 10624K
Event: 1.650 GC heap after
Heap after GC invocations=1 (full 0):
 def new generation   total 39296K, used 4352K [0x05200000, 0x07ca0000, 0x0fca0000)
  eden space 34944K,   0% used [0x05200000, 0x05200000, 0x07420000)
  from space 4352K, 100% used [0x07860000, 0x07ca0000, 0x07ca0000)
  to   space 4352K,   0% used [0x07420000, 0x07420000, 0x07860000)
 tenured generation   total 87424K, used 2767K [0x0fca0000, 0x15200000, 0x25200000)
   the space 87424K,   3% used [0x0fca0000, 0x0ff53e58, 0x0ff54000, 0x15200000)
 Metaspace       used 9862K, capacity 10092K, committed 10112K, reserved 10624K
}
Event: 3.841 GC heap before
{Heap before GC invocations=1 (full 0):
 def new generation   total 39296K, used 35867K [0x05200000, 0x07ca0000, 0x0fca0000)
  eden space 34944K,  90% used [0x05200000, 0x070c6fa0, 0x07420000)
  from space 4352K, 100% used [0x07860000, 0x07ca0000, 0x07ca0000)
  to   space 4352K,   0% used [0x07420000, 0x07420000, 0x07860000)
 tenured generation   total 87424K, used 2767K [0x0fca0000, 0x15200000, 0x25200000)
   the space 87424K,   3% used [0x0fca0000, 0x0ff53e58, 0x0ff54000, 0x15200000)
 Metaspace       used 12000K, capacity 12279K, committed 12288K, reserved 12672K
Event: 3.880 GC heap after
Heap after GC invocations=2 (full 1):
 def new generation   total 39424K, used 0K [0x05200000, 0x07cc0000, 0x0fca0000)
  eden space 35072K,   0% used [0x05200000, 0x05200000, 0x07440000)
  from space 4352K,   0% used [0x07440000, 0x07440000, 0x07880000)
  to   space 4352K,   0% used [0x07880000, 0x07880000, 0x07cc0000)
 tenured generation   total 87424K, used 9490K [0x0fca0000, 0x15200000, 0x25200000)
   the space 87424K,  10% used [0x0fca0000, 0x105e4a90, 0x105e4c00, 0x15200000)
 Metaspace       used 12000K, capacity 12279K, committed 12288K, reserved 12672K
}
Event: 13.293 GC heap before
{Heap before GC invocations=2 (full 1):
 def new generation   total 39424K, used 35072K [0x05200000, 0x07cc0000, 0x0fca0000)
  eden space 35072K, 100% used [0x05200000, 0x07440000, 0x07440000)
  from space 4352K,   0% used [0x07440000, 0x07440000, 0x07880000)
  to   space 4352K,   0% used [0x07880000, 0x07880000, 0x07cc0000)
 tenured generation   total 87424K, used 9490K [0x0fca0000, 0x15200000, 0x25200000)
   the space 87424K,  10% used [0x0fca0000, 0x105e4a90, 0x105e4c00, 0x15200000)
 Metaspace       used 17091K, capacity 17435K, committed 17536K, reserved 17792K
Event: 13.322 GC heap after
Heap after GC invocations=3 (full 1):
 def new generation   total 39424K, used 4352K [0x05200000, 0x07cc0000, 0x0fca0000)
  eden space 35072K,   0% used [0x05200000, 0x05200000, 0x07440000)
  from space 4352K, 100% used [0x07880000, 0x07cc0000, 0x07cc0000)
  to   space 4352K,   0% used [0x07440000, 0x07440000, 0x07880000)
 tenured generation   total 87424K, used 13274K [0x0fca0000, 0x15200000, 0x25200000)
   the space 87424K,  15% used [0x0fca0000, 0x10996aa8, 0x10996c00, 0x15200000)
 Metaspace       used 17091K, capacity 17435K, committed 17536K, reserved 17792K
}
Event: 269.635 GC heap before
{Heap before GC invocations=3 (full 1):
 def new generation   total 39424K, used 39424K [0x05200000, 0x07cc0000, 0x0fca0000)
  eden space 35072K, 100% used [0x05200000, 0x07440000, 0x07440000)
  from space 4352K, 100% used [0x07880000, 0x07cc0000, 0x07cc0000)
  to   space 4352K,   0% used [0x07440000, 0x07440000, 0x07880000)
 tenured generation   total 87424K, used 13274K [0x0fca0000, 0x15200000, 0x25200000)
   the space 87424K,  15% used [0x0fca0000, 0x10996aa8, 0x10996c00, 0x15200000)
 Metaspace       used 17652K, capacity 18034K, committed 18048K, reserved 18816K
Event: 269.668 GC heap after
Heap after GC invocations=4 (full 1):
 def new generation   total 39424K, used 4004K [0x05200000, 0x07cc0000, 0x0fca0000)
  eden space 35072K,   0% used [0x05200000, 0x05200000, 0x07440000)
  from space 4352K,  92% used [0x07440000, 0x07829240, 0x07880000)
  to   space 4352K,   0% used [0x07880000, 0x07880000, 0x07cc0000)
 tenured generation   total 87424K, used 18239K [0x0fca0000, 0x15200000, 0x25200000)
   the space 87424K,  20% used [0x0fca0000, 0x10e6fdb0, 0x10e6fe00, 0x15200000)
 Metaspace       used 17652K, capacity 18034K, committed 18048K, reserved 18816K
}

